Arguments: 
  C:\Program Files\nodejs\node.exe C:\Users\HP\AppData\Roaming\npm\node_modules\yarn\bin\yarn.js install

PATH: 
  C:\Python311\Scripts\;C:\Python311\;C:\Windows\system32;C:\Windows;C:\Windows\System32\Wbem;C:\Windows\System32\WindowsPowerShell\v1.0\;C:\Windows\System32\OpenSSH\;C:\Program Files\Git\cmd;C:\Program Files\nodejs\;C:\ProgramData\chocolatey\bin;C:\Users\HP\AppData\Local\Microsoft\WindowsApps;;C:\Users\HP\AppData\Local\Programs\Microsoft VS Code\bin;C:\Users\HP\AppData\Roaming\npm

Yarn version: 
  1.22.19

Node version: 
  19.2.0

Platform: 
  win32 x64

Trace: 
  Error: Client network socket disconnected before secure TLS connection was established
      at connResetException (node:internal/errors:711:14)
      at TLSSocket.onConnectEnd (node:_tls_wrap:1590:19)
      at TLSSocket.emit (node:events:525:35)
      at endReadableNT (node:internal/streams/readable:1359:12)
      at process.processTicksAndRejections (node:internal/process/task_queues:82:21)

npm manifest: 
  {
    "name": "natours",
    "version": "1.0.0",
    "description": "Landing page for natours",
    "main": "index.js",
    "scripts": {
      "watch:sass": "node-sass sass/main.scss css/style.css -w",
      "devserver": "live-server",
      "start": "npm-run-all --parallel devserver watch:sass",
      
      "compile:sass": "node-sass sass/main.scss css/style.comp.css",
      "concat:css": "concat -o css/style.concat.css css/icon-font.css css/style.comp.css",
      "prefix:css": "postcss --use autoprefixer -b 'last 10 versions' css/style.concat.css -o css/style.prefix.css",
      "compress:css": "node-sass css/style.prefix.css css/style.css --output-style compressed",
      "build:css": "npm-run-all compile:sass concat:css prefix:css compress:css"
    },
    "author": "Jonas",
    "license": "ISC",
    "devDependencies": {
      "autoprefixer": "^7.1.4",
      "concat": "^1.0.3",
      "npm-run-all": "^4.1.1",
      "postcss-cli": "^4.1.1"
    }
  }

yarn manifest: 
  No manifest

Lockfile: 
  No lockfile
